<?xml version="1.0" encoding="UTF-8"?>
<testsuite xmlns:xsi="http://www.w3.org/2001/XMLSchema-instance" xsi:noNamespaceSchemaLocation="https://maven.apache.org/surefire/maven-surefire-plugin/xsd/surefire-test-report.xsd" version="3.0.1" name="com.example.api.ApiTest" time="3.257" tests="2" errors="0" skipped="0" failures="0">
  <properties>
    <property name="java.specification.version" value="17"/>
    <property name="sun.cpu.isalist" value="amd64"/>
    <property name="sun.jnu.encoding" value="MS932"/>
    <property name="java.class.path" value="C:\pleiades\2024-06\workspace\JerseySample\target\test-classes;C:\pleiades\2024-06\workspace\JerseySample\target\classes;C:\Users\user\.m2\repository\org\junit\jupiter\junit-jupiter-api\5.11.0\junit-jupiter-api-5.11.0.jar;C:\Users\user\.m2\repository\org\opentest4j\opentest4j\1.3.0\opentest4j-1.3.0.jar;C:\Users\user\.m2\repository\org\junit\platform\junit-platform-commons\1.11.0\junit-platform-commons-1.11.0.jar;C:\Users\user\.m2\repository\org\apiguardian\apiguardian-api\1.1.2\apiguardian-api-1.1.2.jar;C:\Users\user\.m2\repository\org\junit\jupiter\junit-jupiter-params\5.11.0\junit-jupiter-params-5.11.0.jar;C:\Users\user\.m2\repository\jakarta\ws\rs\jakarta.ws.rs-api\4.0.0\jakarta.ws.rs-api-4.0.0.jar;C:\Users\user\.m2\repository\jakarta\enterprise\jakarta.enterprise.cdi-api\4.1.0\jakarta.enterprise.cdi-api-4.1.0.jar;C:\Users\user\.m2\repository\jakarta\enterprise\jakarta.enterprise.lang-model\4.1.0\jakarta.enterprise.lang-model-4.1.0.jar;C:\Users\user\.m2\repository\jakarta\annotation\jakarta.annotation-api\3.0.0\jakarta.annotation-api-3.0.0.jar;C:\Users\user\.m2\repository\jakarta\el\jakarta.el-api\6.0.0\jakarta.el-api-6.0.0.jar;C:\Users\user\.m2\repository\jakarta\interceptor\jakarta.interceptor-api\2.2.0\jakarta.interceptor-api-2.2.0.jar;C:\Users\user\.m2\repository\jakarta\inject\jakarta.inject-api\2.0.1\jakarta.inject-api-2.0.1.jar;C:\Users\user\.m2\repository\org\mybatis\mybatis\3.5.17\mybatis-3.5.17.jar;C:\Users\user\.m2\repository\org\mybatis\mybatis-cdi\2.1.0\mybatis-cdi-2.1.0.jar;C:\Users\user\.m2\repository\org\projectlombok\lombok\1.18.36\lombok-1.18.36.jar;C:\Users\user\.m2\repository\org\postgresql\postgresql\42.7.4\postgresql-42.7.4.jar;C:\Users\user\.m2\repository\org\checkerframework\checker-qual\3.42.0\checker-qual-3.42.0.jar;C:\Users\user\.m2\repository\org\jboss\weld\servlet\weld-servlet-core\6.0.0.CR2\weld-servlet-core-6.0.0.CR2.jar;C:\Users\user\.m2\repository\org\jboss\weld\environment\weld-environment-common\6.0.0.CR2\weld-environment-common-6.0.0.CR2.jar;C:\Users\user\.m2\repository\org\jboss\weld\weld-core-impl\6.0.0.CR2\weld-core-impl-6.0.0.CR2.jar;C:\Users\user\.m2\repository\org\jboss\weld\weld-spi\6.0.CR1\weld-spi-6.0.CR1.jar;C:\Users\user\.m2\repository\org\jboss\weld\weld-api\6.0.CR1\weld-api-6.0.CR1.jar;C:\Users\user\.m2\repository\jakarta\enterprise\jakarta.enterprise.cdi-el-api\4.1.0\jakarta.enterprise.cdi-el-api-4.1.0.jar;C:\Users\user\.m2\repository\org\jboss\weld\weld-lite-extension-translator\6.0.0.CR2\weld-lite-extension-translator-6.0.0.CR2.jar;C:\Users\user\.m2\repository\org\jboss\logging\jboss-logging-processor\3.0.1.Final\jboss-logging-processor-3.0.1.Final.jar;C:\Users\user\.m2\repository\org\jboss\logging\jboss-logging-annotations\3.0.1.Final\jboss-logging-annotations-3.0.1.Final.jar;C:\Users\user\.m2\repository\org\jboss\jdeparser\jdeparser\2.0.3.Final\jdeparser-2.0.3.Final.jar;C:\Users\user\.m2\repository\org\jboss\weld\module\weld-jsf\6.0.0.CR2\weld-jsf-6.0.0.CR2.jar;C:\Users\user\.m2\repository\org\jboss\weld\module\weld-web\6.0.0.CR2\weld-web-6.0.0.CR2.jar;C:\Users\user\.m2\repository\org\jboss\logging\jboss-logging\3.6.1.Final\jboss-logging-3.6.1.Final.jar;C:\Users\user\.m2\repository\org\jboss\classfilewriter\jboss-classfilewriter\1.3.1.Final\jboss-classfilewriter-1.3.1.Final.jar;C:\Users\user\.m2\repository\org\glassfish\jersey\core\jersey-server\4.0.0-M1\jersey-server-4.0.0-M1.jar;C:\Users\user\.m2\repository\org\glassfish\jersey\core\jersey-common\4.0.0-M1\jersey-common-4.0.0-M1.jar;C:\Users\user\.m2\repository\org\glassfish\hk2\osgi-resource-locator\1.0.3\osgi-resource-locator-1.0.3.jar;C:\Users\user\.m2\repository\jakarta\validation\jakarta.validation-api\3.1.0-M1\jakarta.validation-api-3.1.0-M1.jar;C:\Users\user\.m2\repository\org\glassfish\jersey\containers\jersey-container-servlet\4.0.0-M1\jersey-container-servlet-4.0.0-M1.jar;C:\Users\user\.m2\repository\org\glassfish\jersey\containers\jersey-container-servlet-core\4.0.0-M1\jersey-container-servlet-core-4.0.0-M1.jar;C:\Users\user\.m2\repository\org\glassfish\jersey\inject\jersey-hk2\4.0.0-M1\jersey-hk2-4.0.0-M1.jar;C:\Users\user\.m2\repository\org\glassfish\hk2\hk2-locator\4.0.0-M1\hk2-locator-4.0.0-M1.jar;C:\Users\user\.m2\repository\org\glassfish\hk2\external\aopalliance-repackaged\4.0.0-M1\aopalliance-repackaged-4.0.0-M1.jar;C:\Users\user\.m2\repository\org\glassfish\hk2\hk2-api\4.0.0-M1\hk2-api-4.0.0-M1.jar;C:\Users\user\.m2\repository\org\glassfish\hk2\hk2-utils\4.0.0-M1\hk2-utils-4.0.0-M1.jar;C:\Users\user\.m2\repository\org\javassist\javassist\3.29.2-GA\javassist-3.29.2-GA.jar;C:\Users\user\.m2\repository\org\glassfish\jersey\ext\cdi\jersey-cdi1x\4.0.0-M1\jersey-cdi1x-4.0.0-M1.jar;C:\Users\user\.m2\repository\org\glassfish\jersey\media\jersey-media-json-jackson\4.0.0-M1\jersey-media-json-jackson-4.0.0-M1.jar;C:\Users\user\.m2\repository\org\glassfish\jersey\ext\jersey-entity-filtering\4.0.0-M1\jersey-entity-filtering-4.0.0-M1.jar;C:\Users\user\.m2\repository\com\fasterxml\jackson\core\jackson-annotations\2.16.1\jackson-annotations-2.16.1.jar;C:\Users\user\.m2\repository\com\fasterxml\jackson\module\jackson-module-jakarta-xmlbind-annotations\2.16.1\jackson-module-jakarta-xmlbind-annotations-2.16.1.jar;C:\Users\user\.m2\repository\jakarta\xml\bind\jakarta.xml.bind-api\4.0.1\jakarta.xml.bind-api-4.0.1.jar;C:\Users\user\.m2\repository\jakarta\activation\jakarta.activation-api\2.1.2\jakarta.activation-api-2.1.2.jar;C:\Users\user\.m2\repository\org\glassfish\jersey\core\jersey-client\4.0.0-M1\jersey-client-4.0.0-M1.jar;C:\Users\user\.m2\repository\org\eclipse\parsson\parsson\1.1.7\parsson-1.1.7.jar;C:\Users\user\.m2\repository\jakarta\json\jakarta.json-api\2.1.3\jakarta.json-api-2.1.3.jar;C:\Users\user\.m2\repository\com\fasterxml\jackson\core\jackson-databind\2.18.2\jackson-databind-2.18.2.jar;C:\Users\user\.m2\repository\com\fasterxml\jackson\core\jackson-core\2.18.2\jackson-core-2.18.2.jar;C:\Users\user\.m2\repository\org\slf4j\slf4j-api\2.0.16\slf4j-api-2.0.16.jar;C:\Users\user\.m2\repository\ch\qos\logback\logback-classic\1.5.15\logback-classic-1.5.15.jar;C:\Users\user\.m2\repository\ch\qos\logback\logback-core\1.5.15\logback-core-1.5.15.jar;"/>
    <property name="java.vm.vendor" value="Oracle Corporation"/>
    <property name="sun.arch.data.model" value="64"/>
    <property name="user.variant" value=""/>
    <property name="java.vendor.url" value="https://java.oracle.com/"/>
    <property name="user.timezone" value="Asia/Tokyo"/>
    <property name="os.name" value="Windows 10"/>
    <property name="java.vm.specification.version" value="17"/>
    <property name="sun.java.launcher" value="SUN_STANDARD"/>
    <property name="user.country" value="JP"/>
    <property name="sun.boot.library.path" value="C:\jdk-17.0.0.1\bin"/>
    <property name="sun.java.command" value="C:\Users\user\AppData\Local\Temp\surefire17521314677055139618\surefirebooter-20250101150524882_3.jar C:\Users\user\AppData\Local\Temp\surefire17521314677055139618 2025-01-01T15-05-24_627-jvmRun1 surefire-20250101150524882_1tmp surefire_0-20250101150524882_2tmp"/>
    <property name="jdk.debug" value="release"/>
    <property name="surefire.test.class.path" value="C:\pleiades\2024-06\workspace\JerseySample\target\test-classes;C:\pleiades\2024-06\workspace\JerseySample\target\classes;C:\Users\user\.m2\repository\org\junit\jupiter\junit-jupiter-api\5.11.0\junit-jupiter-api-5.11.0.jar;C:\Users\user\.m2\repository\org\opentest4j\opentest4j\1.3.0\opentest4j-1.3.0.jar;C:\Users\user\.m2\repository\org\junit\platform\junit-platform-commons\1.11.0\junit-platform-commons-1.11.0.jar;C:\Users\user\.m2\repository\org\apiguardian\apiguardian-api\1.1.2\apiguardian-api-1.1.2.jar;C:\Users\user\.m2\repository\org\junit\jupiter\junit-jupiter-params\5.11.0\junit-jupiter-params-5.11.0.jar;C:\Users\user\.m2\repository\jakarta\ws\rs\jakarta.ws.rs-api\4.0.0\jakarta.ws.rs-api-4.0.0.jar;C:\Users\user\.m2\repository\jakarta\enterprise\jakarta.enterprise.cdi-api\4.1.0\jakarta.enterprise.cdi-api-4.1.0.jar;C:\Users\user\.m2\repository\jakarta\enterprise\jakarta.enterprise.lang-model\4.1.0\jakarta.enterprise.lang-model-4.1.0.jar;C:\Users\user\.m2\repository\jakarta\annotation\jakarta.annotation-api\3.0.0\jakarta.annotation-api-3.0.0.jar;C:\Users\user\.m2\repository\jakarta\el\jakarta.el-api\6.0.0\jakarta.el-api-6.0.0.jar;C:\Users\user\.m2\repository\jakarta\interceptor\jakarta.interceptor-api\2.2.0\jakarta.interceptor-api-2.2.0.jar;C:\Users\user\.m2\repository\jakarta\inject\jakarta.inject-api\2.0.1\jakarta.inject-api-2.0.1.jar;C:\Users\user\.m2\repository\org\mybatis\mybatis\3.5.17\mybatis-3.5.17.jar;C:\Users\user\.m2\repository\org\mybatis\mybatis-cdi\2.1.0\mybatis-cdi-2.1.0.jar;C:\Users\user\.m2\repository\org\projectlombok\lombok\1.18.36\lombok-1.18.36.jar;C:\Users\user\.m2\repository\org\postgresql\postgresql\42.7.4\postgresql-42.7.4.jar;C:\Users\user\.m2\repository\org\checkerframework\checker-qual\3.42.0\checker-qual-3.42.0.jar;C:\Users\user\.m2\repository\org\jboss\weld\servlet\weld-servlet-core\6.0.0.CR2\weld-servlet-core-6.0.0.CR2.jar;C:\Users\user\.m2\repository\org\jboss\weld\environment\weld-environment-common\6.0.0.CR2\weld-environment-common-6.0.0.CR2.jar;C:\Users\user\.m2\repository\org\jboss\weld\weld-core-impl\6.0.0.CR2\weld-core-impl-6.0.0.CR2.jar;C:\Users\user\.m2\repository\org\jboss\weld\weld-spi\6.0.CR1\weld-spi-6.0.CR1.jar;C:\Users\user\.m2\repository\org\jboss\weld\weld-api\6.0.CR1\weld-api-6.0.CR1.jar;C:\Users\user\.m2\repository\jakarta\enterprise\jakarta.enterprise.cdi-el-api\4.1.0\jakarta.enterprise.cdi-el-api-4.1.0.jar;C:\Users\user\.m2\repository\org\jboss\weld\weld-lite-extension-translator\6.0.0.CR2\weld-lite-extension-translator-6.0.0.CR2.jar;C:\Users\user\.m2\repository\org\jboss\logging\jboss-logging-processor\3.0.1.Final\jboss-logging-processor-3.0.1.Final.jar;C:\Users\user\.m2\repository\org\jboss\logging\jboss-logging-annotations\3.0.1.Final\jboss-logging-annotations-3.0.1.Final.jar;C:\Users\user\.m2\repository\org\jboss\jdeparser\jdeparser\2.0.3.Final\jdeparser-2.0.3.Final.jar;C:\Users\user\.m2\repository\org\jboss\weld\module\weld-jsf\6.0.0.CR2\weld-jsf-6.0.0.CR2.jar;C:\Users\user\.m2\repository\org\jboss\weld\module\weld-web\6.0.0.CR2\weld-web-6.0.0.CR2.jar;C:\Users\user\.m2\repository\org\jboss\logging\jboss-logging\3.6.1.Final\jboss-logging-3.6.1.Final.jar;C:\Users\user\.m2\repository\org\jboss\classfilewriter\jboss-classfilewriter\1.3.1.Final\jboss-classfilewriter-1.3.1.Final.jar;C:\Users\user\.m2\repository\org\glassfish\jersey\core\jersey-server\4.0.0-M1\jersey-server-4.0.0-M1.jar;C:\Users\user\.m2\repository\org\glassfish\jersey\core\jersey-common\4.0.0-M1\jersey-common-4.0.0-M1.jar;C:\Users\user\.m2\repository\org\glassfish\hk2\osgi-resource-locator\1.0.3\osgi-resource-locator-1.0.3.jar;C:\Users\user\.m2\repository\jakarta\validation\jakarta.validation-api\3.1.0-M1\jakarta.validation-api-3.1.0-M1.jar;C:\Users\user\.m2\repository\org\glassfish\jersey\containers\jersey-container-servlet\4.0.0-M1\jersey-container-servlet-4.0.0-M1.jar;C:\Users\user\.m2\repository\org\glassfish\jersey\containers\jersey-container-servlet-core\4.0.0-M1\jersey-container-servlet-core-4.0.0-M1.jar;C:\Users\user\.m2\repository\org\glassfish\jersey\inject\jersey-hk2\4.0.0-M1\jersey-hk2-4.0.0-M1.jar;C:\Users\user\.m2\repository\org\glassfish\hk2\hk2-locator\4.0.0-M1\hk2-locator-4.0.0-M1.jar;C:\Users\user\.m2\repository\org\glassfish\hk2\external\aopalliance-repackaged\4.0.0-M1\aopalliance-repackaged-4.0.0-M1.jar;C:\Users\user\.m2\repository\org\glassfish\hk2\hk2-api\4.0.0-M1\hk2-api-4.0.0-M1.jar;C:\Users\user\.m2\repository\org\glassfish\hk2\hk2-utils\4.0.0-M1\hk2-utils-4.0.0-M1.jar;C:\Users\user\.m2\repository\org\javassist\javassist\3.29.2-GA\javassist-3.29.2-GA.jar;C:\Users\user\.m2\repository\org\glassfish\jersey\ext\cdi\jersey-cdi1x\4.0.0-M1\jersey-cdi1x-4.0.0-M1.jar;C:\Users\user\.m2\repository\org\glassfish\jersey\media\jersey-media-json-jackson\4.0.0-M1\jersey-media-json-jackson-4.0.0-M1.jar;C:\Users\user\.m2\repository\org\glassfish\jersey\ext\jersey-entity-filtering\4.0.0-M1\jersey-entity-filtering-4.0.0-M1.jar;C:\Users\user\.m2\repository\com\fasterxml\jackson\core\jackson-annotations\2.16.1\jackson-annotations-2.16.1.jar;C:\Users\user\.m2\repository\com\fasterxml\jackson\module\jackson-module-jakarta-xmlbind-annotations\2.16.1\jackson-module-jakarta-xmlbind-annotations-2.16.1.jar;C:\Users\user\.m2\repository\jakarta\xml\bind\jakarta.xml.bind-api\4.0.1\jakarta.xml.bind-api-4.0.1.jar;C:\Users\user\.m2\repository\jakarta\activation\jakarta.activation-api\2.1.2\jakarta.activation-api-2.1.2.jar;C:\Users\user\.m2\repository\org\glassfish\jersey\core\jersey-client\4.0.0-M1\jersey-client-4.0.0-M1.jar;C:\Users\user\.m2\repository\org\eclipse\parsson\parsson\1.1.7\parsson-1.1.7.jar;C:\Users\user\.m2\repository\jakarta\json\jakarta.json-api\2.1.3\jakarta.json-api-2.1.3.jar;C:\Users\user\.m2\repository\com\fasterxml\jackson\core\jackson-databind\2.18.2\jackson-databind-2.18.2.jar;C:\Users\user\.m2\repository\com\fasterxml\jackson\core\jackson-core\2.18.2\jackson-core-2.18.2.jar;C:\Users\user\.m2\repository\org\slf4j\slf4j-api\2.0.16\slf4j-api-2.0.16.jar;C:\Users\user\.m2\repository\ch\qos\logback\logback-classic\1.5.15\logback-classic-1.5.15.jar;C:\Users\user\.m2\repository\ch\qos\logback\logback-core\1.5.15\logback-core-1.5.15.jar;"/>
    <property name="sun.cpu.endian" value="little"/>
    <property name="user.home" value="C:\Users\user"/>
    <property name="user.language" value="ja"/>
    <property name="java.specification.vendor" value="Oracle Corporation"/>
    <property name="java.version.date" value="2024-07-02"/>
    <property name="java.home" value="C:\jdk-17.0.0.1"/>
    <property name="file.separator" value="\"/>
    <property name="basedir" value="C:\pleiades\2024-06\workspace\JerseySample"/>
    <property name="java.vm.compressedOopsMode" value="Zero based"/>
    <property name="line.separator" value="&#10;"/>
    <property name="java.vm.specification.vendor" value="Oracle Corporation"/>
    <property name="java.specification.name" value="Java Platform API Specification"/>
    <property name="surefire.real.class.path" value="C:\Users\user\AppData\Local\Temp\surefire17521314677055139618\surefirebooter-20250101150524882_3.jar"/>
    <property name="user.script" value=""/>
    <property name="sun.management.compiler" value="HotSpot 64-Bit Tiered Compilers"/>
    <property name="java.runtime.version" value="17.0.0.1+2-3"/>
    <property name="user.name" value="user"/>
    <property name="path.separator" value=";"/>
    <property name="os.version" value="10.0"/>
    <property name="java.runtime.name" value="OpenJDK Runtime Environment"/>
    <property name="file.encoding" value="MS932"/>
    <property name="java.vm.name" value="OpenJDK 64-Bit Server VM"/>
    <property name="localRepository" value="C:\Users\user\.m2\repository"/>
    <property name="java.vendor.url.bug" value="https://bugreport.java.com/bugreport/"/>
    <property name="java.io.tmpdir" value="C:\Users\user\AppData\Local\Temp\"/>
    <property name="java.version" value="17.0.0.1"/>
    <property name="user.dir" value="C:\pleiades\2024-06\workspace\JerseySample"/>
    <property name="os.arch" value="amd64"/>
    <property name="java.vm.specification.name" value="Java Virtual Machine Specification"/>
    <property name="sun.os.patch.level" value=""/>
    <property name="native.encoding" value="MS932"/>
    <property name="java.library.path" value="C:\jdk-17.0.0.1\bin;C:\Windows\Sun\Java\bin;C:\Windows\system32;C:\Windows;C:/pleiades/2024-06/java/21/bin/server;C:/pleiades/2024-06/java/21/bin;C:\Windows\system32;C:\Windows;C:\Windows\System32\Wbem;C:\Windows\System32\WindowsPowerShell\v1.0\;C:\Windows\System32\OpenSSH\;C:\Program Files\MySQL\MySQL Server 8.0\bin;C:\jdk-17.0.0.1\bin;C:\Program Files\Git\cmd;C:\Program Files\Apache Software Foundation\Tomcat 10.1\bin;C:\Users\user\AppData\Local\Microsoft\WindowsApps;C:\Users\user\AppData\Local\Programs\Microsoft VS Code\bin;C:\workspace\apache-maven-3.9.9\bin;;C:\pleiades\2024-06\eclipse;;."/>
    <property name="java.vm.info" value="mixed mode, sharing"/>
    <property name="java.vendor" value="Oracle Corporation"/>
    <property name="java.vm.version" value="17.0.0.1+2-3"/>
    <property name="java.specification.maintenance.version" value="1"/>
    <property name="sun.io.unicode.encoding" value="UnicodeLittle"/>
    <property name="java.class.version" value="61.0"/>
  </properties>
  <testcase name="postRequestTest" classname="com.example.api.ApiTest" time="3.109">
    <system-out><![CDATA[POST(Response Status):200
POST(Response Body):{"id":3,"msg":"Jersey"}
]]></system-out>
  </testcase>
  <testcase name="getRequestTest" classname="com.example.api.ApiTest" time="0.112">
    <system-out><![CDATA[GET(Response Status):200
GET(Response Body):[{"id":1,"msg":"JakartaEE"},{"id":2,"msg":"JAX-RS"},{"id":3,"msg":"Jersey"},{"id":4,"msg":"CDI"},{"id":5,"msg":"MyBatis"}]
]]></system-out>
  </testcase>
</testsuite>